{
"/Users/mizuki/project/syntagmejs/syntagme.js":{"path":"/Users/mizuki/project/syntagmejs/syntagme.js","s":{"1":0,"2":0,"3":0,"4":0,"5":0,"6":0,"7":0,"8":0,"9":0,"10":0,"11":1,"12":0,"13":0,"14":0,"15":0,"16":0,"17":0,"18":0,"19":0,"20":0,"21":0,"22":0,"23":1,"24":0,"25":0,"26":0,"27":0,"28":0,"29":0,"30":0,"31":0,"32":0,"33":0,"34":0,"35":0,"36":0,"37":0,"38":0,"39":0,"40":0,"41":0,"42":0,"43":0,"44":0,"45":0,"46":0,"47":1,"48":0,"49":1,"50":0,"51":0,"52":0,"53":1,"54":0,"55":0,"56":0,"57":0,"58":0,"59":0,"60":0,"61":0,"62":0,"63":0,"64":0,"65":0,"66":0,"67":0,"68":0,"69":1,"70":0,"71":0,"72":0,"73":0,"74":0,"75":1,"76":0,"77":0,"78":0,"79":0,"80":0,"81":0,"82":0,"83":0,"84":0,"85":0,"86":0,"87":0,"88":0,"89":1,"90":0,"91":0,"92":0,"93":0,"94":1,"95":0,"96":0,"97":0,"98":0,"99":0,"100":0,"101":0,"102":0,"103":0,"104":0,"105":0,"106":0,"107":0,"108":0,"109":0,"110":0,"111":0,"112":0,"113":0,"114":1,"115":0,"116":0,"117":0,"118":0,"119":0,"120":0,"121":0,"122":0,"123":0,"124":0,"125":0,"126":0,"127":0,"128":1,"129":0,"130":0,"131":1,"132":0,"133":0,"134":0,"135":0,"136":0,"137":0,"138":0,"139":0,"140":0,"141":0,"142":0,"143":0,"144":0,"145":0,"146":0,"147":0,"148":0,"149":0,"150":0,"151":0,"152":1,"153":0,"154":0,"155":0,"156":0,"157":0,"158":0,"159":1,"160":0,"161":0,"162":0,"163":0,"164":0,"165":0,"166":0,"167":0,"168":0,"169":0,"170":0,"171":0,"172":0,"173":0,"174":0,"175":0,"176":0,"177":0,"178":0,"179":0,"180":0,"181":0,"182":0,"183":0,"184":0,"185":0,"186":0,"187":0,"188":0,"189":0,"190":1,"191":0,"192":0,"193":0,"194":0,"195":0,"196":0,"197":0,"198":0,"199":0,"200":0,"201":0,"202":0,"203":0,"204":0,"205":0},"b":{"1":[0,0],"2":[0,0],"3":[0,0],"4":[0,0],"5":[0,0],"6":[0,0],"7":[0,0],"8":[0,0],"9":[0,0],"10":[0,0],"11":[0,0],"12":[0,0],"13":[0,0],"14":[0,0],"15":[0,0],"16":[0,0],"17":[0,0],"18":[0,0],"19":[0,0],"20":[0,0],"21":[0,0],"22":[0,0],"23":[0,0],"24":[0,0],"25":[0,0],"26":[0,0],"27":[0,0],"28":[0,0],"29":[0,0],"30":[0,0],"31":[0,0],"32":[0,0],"33":[0,0],"34":[0,0],"35":[0,0],"36":[0,0,0],"37":[0,0],"38":[0,0],"39":[0,0],"40":[0,0],"41":[0,0],"42":[0,0],"43":[0,0],"44":[0,0],"45":[0,0],"46":[0,0]},"f":{"1":0,"2":0,"3":0,"4":0,"5":0,"6":0,"7":0,"8":0,"9":0,"10":0,"11":0,"12":0,"13":0,"14":0,"15":0,"16":0,"17":0,"18":0,"19":0,"20":0,"21":0,"22":0,"23":0,"24":0,"25":0,"26":0,"27":0,"28":0,"29":0,"30":0,"31":0,"32":0,"33":0,"34":0,"35":0,"36":0,"37":0,"38":0,"39":0,"40":0,"41":0,"42":0,"43":0,"44":0,"45":0,"46":0,"47":0},"fnMap":{"1":{"name":"webpackUniversalModuleDefinition","line":1,"loc":{"start":{"line":1,"column":1},"end":{"line":1,"column":58}}},"2":{"name":"(anonymous_2)","line":10,"loc":{"start":{"line":10,"column":9},"end":{"line":10,"column":20}}},"3":{"name":"(anonymous_3)","line":11,"loc":{"start":{"line":11,"column":17},"end":{"line":11,"column":35}}},"4":{"name":"__webpack_require__","line":16,"loc":{"start":{"line":16,"column":10},"end":{"line":16,"column":49}}},"5":{"name":"(anonymous_5)","line":55,"loc":{"start":{"line":55,"column":6},"end":{"line":55,"column":53}}},"6":{"name":"(anonymous_6)","line":59,"loc":{"start":{"line":59,"column":20},"end":{"line":59,"column":32}}},"7":{"name":"defineProperties","line":59,"loc":{"start":{"line":59,"column":34},"end":{"line":59,"column":75}}},"8":{"name":"(anonymous_8)","line":59,"loc":{"start":{"line":59,"column":358},"end":{"line":59,"column":406}}},"9":{"name":"_interopRequireDefault","line":81,"loc":{"start":{"line":81,"column":1},"end":{"line":81,"column":38}}},"10":{"name":"_classCallCheck","line":83,"loc":{"start":{"line":83,"column":1},"end":{"line":83,"column":49}}},"11":{"name":"(anonymous_11)","line":85,"loc":{"start":{"line":85,"column":16},"end":{"line":85,"column":28}}},"12":{"name":"Syntagme","line":86,"loc":{"start":{"line":86,"column":3},"end":{"line":86,"column":23}}},"13":{"name":"connect","line":100,"loc":{"start":{"line":100,"column":12},"end":{"line":100,"column":31}}},"14":{"name":"subscribe","line":105,"loc":{"start":{"line":105,"column":12},"end":{"line":105,"column":35}}},"15":{"name":"dispatch","line":110,"loc":{"start":{"line":110,"column":12},"end":{"line":110,"column":39}}},"16":{"name":"createAction","line":115,"loc":{"start":{"line":115,"column":12},"end":{"line":115,"column":44}}},"17":{"name":"ac","line":120,"loc":{"start":{"line":120,"column":12},"end":{"line":120,"column":34}}},"18":{"name":"reducer","line":125,"loc":{"start":{"line":125,"column":12},"end":{"line":125,"column":39}}},"19":{"name":"syntagme","line":133,"loc":{"start":{"line":133,"column":1},"end":{"line":133,"column":21}}},"20":{"name":"(anonymous_20)","line":142,"loc":{"start":{"line":142,"column":6},"end":{"line":142,"column":32}}},"21":{"name":"(anonymous_21)","line":150,"loc":{"start":{"line":150,"column":20},"end":{"line":150,"column":32}}},"22":{"name":"defineProperties","line":150,"loc":{"start":{"line":150,"column":34},"end":{"line":150,"column":75}}},"23":{"name":"(anonymous_23)","line":150,"loc":{"start":{"line":150,"column":358},"end":{"line":150,"column":406}}},"24":{"name":"_classCallCheck","line":152,"loc":{"start":{"line":152,"column":1},"end":{"line":152,"column":49}}},"25":{"name":"(anonymous_25)","line":156,"loc":{"start":{"line":156,"column":18},"end":{"line":156,"column":30}}},"26":{"name":"Dispatcher","line":157,"loc":{"start":{"line":157,"column":3},"end":{"line":157,"column":25}}},"27":{"name":"dispatch","line":165,"loc":{"start":{"line":165,"column":12},"end":{"line":165,"column":39}}},"28":{"name":"register","line":186,"loc":{"start":{"line":186,"column":12},"end":{"line":186,"column":34}}},"29":{"name":"(anonymous_29)","line":198,"loc":{"start":{"line":198,"column":6},"end":{"line":198,"column":32}}},"30":{"name":"(anonymous_30)","line":206,"loc":{"start":{"line":206,"column":20},"end":{"line":206,"column":32}}},"31":{"name":"defineProperties","line":206,"loc":{"start":{"line":206,"column":34},"end":{"line":206,"column":75}}},"32":{"name":"(anonymous_32)","line":206,"loc":{"start":{"line":206,"column":358},"end":{"line":206,"column":406}}},"33":{"name":"_classCallCheck","line":208,"loc":{"start":{"line":208,"column":1},"end":{"line":208,"column":49}}},"34":{"name":"includes","line":210,"loc":{"start":{"line":210,"column":1},"end":{"line":210,"column":35}}},"35":{"name":"remove","line":244,"loc":{"start":{"line":244,"column":1},"end":{"line":244,"column":33}}},"36":{"name":"(anonymous_36)","line":253,"loc":{"start":{"line":253,"column":13},"end":{"line":253,"column":25}}},"37":{"name":"Store","line":254,"loc":{"start":{"line":254,"column":3},"end":{"line":254,"column":20}}},"38":{"name":"subscribe","line":263,"loc":{"start":{"line":263,"column":12},"end":{"line":263,"column":35}}},"39":{"name":"handle","line":268,"loc":{"start":{"line":268,"column":12},"end":{"line":268,"column":37}}},"40":{"name":"reducer","line":283,"loc":{"start":{"line":283,"column":12},"end":{"line":283,"column":39}}},"41":{"name":"getState","line":301,"loc":{"start":{"line":301,"column":12},"end":{"line":301,"column":32}}},"42":{"name":"(anonymous_42)","line":313,"loc":{"start":{"line":313,"column":6},"end":{"line":313,"column":32}}},"43":{"name":"(anonymous_43)","line":329,"loc":{"start":{"line":329,"column":6},"end":{"line":329,"column":32}}},"44":{"name":"actionCreator","line":337,"loc":{"start":{"line":337,"column":1},"end":{"line":337,"column":34}}},"45":{"name":"(anonymous_45)","line":346,"loc":{"start":{"line":346,"column":24},"end":{"line":346,"column":42}}},"46":{"name":"(anonymous_46)","line":355,"loc":{"start":{"line":355,"column":14},"end":{"line":355,"column":35}}},"47":{"name":"(anonymous_47)","line":373,"loc":{"start":{"line":373,"column":6},"end":{"line":373,"column":32}}}},"statementMap":{"1":{"start":{"line":1,"column":0},"end":{"line":379,"column":3}},"2":{"start":{"line":2,"column":1},"end":{"line":9,"column":31}},"3":{"start":{"line":3,"column":2},"end":{"line":3,"column":29}},"4":{"start":{"line":4,"column":6},"end":{"line":9,"column":31}},"5":{"start":{"line":5,"column":2},"end":{"line":5,"column":22}},"6":{"start":{"line":6,"column":6},"end":{"line":9,"column":31}},"7":{"start":{"line":7,"column":2},"end":{"line":7,"column":34}},"8":{"start":{"line":9,"column":2},"end":{"line":9,"column":31}},"9":{"start":{"line":11,"column":0},"end":{"line":378,"column":11}},"10":{"start":{"line":13,"column":10},"end":{"line":13,"column":36}},"11":{"start":{"line":16,"column":10},"end":{"line":37,"column":11}},"12":{"start":{"line":19,"column":11},"end":{"line":20,"column":54}},"13":{"start":{"line":20,"column":12},"end":{"line":20,"column":54}},"14":{"start":{"line":23,"column":11},"end":{"line":27,"column":13}},"15":{"start":{"line":30,"column":11},"end":{"line":30,"column":95}},"16":{"start":{"line":33,"column":11},"end":{"line":33,"column":32}},"17":{"start":{"line":36,"column":11},"end":{"line":36,"column":33}},"18":{"start":{"line":41,"column":10},"end":{"line":41,"column":42}},"19":{"start":{"line":44,"column":10},"end":{"line":44,"column":51}},"20":{"start":{"line":47,"column":10},"end":{"line":47,"column":37}},"21":{"start":{"line":50,"column":10},"end":{"line":50,"column":40}},"22":{"start":{"line":59,"column":1},"end":{"line":59,"column":565}},"23":{"start":{"line":59,"column":34},"end":{"line":59,"column":350}},"24":{"start":{"line":59,"column":77},"end":{"line":59,"column":348}},"25":{"start":{"line":59,"column":118},"end":{"line":59,"column":144}},"26":{"start":{"line":59,"column":145},"end":{"line":59,"column":200}},"27":{"start":{"line":59,"column":201},"end":{"line":59,"column":232}},"28":{"start":{"line":59,"column":233},"end":{"line":59,"column":287}},"29":{"start":{"line":59,"column":260},"end":{"line":59,"column":287}},"30":{"start":{"line":59,"column":288},"end":{"line":59,"column":346}},"31":{"start":{"line":59,"column":351},"end":{"line":59,"column":560}},"32":{"start":{"line":59,"column":408},"end":{"line":59,"column":476}},"33":{"start":{"line":59,"column":424},"end":{"line":59,"column":476}},"34":{"start":{"line":59,"column":477},"end":{"line":59,"column":537}},"35":{"start":{"line":59,"column":494},"end":{"line":59,"column":537}},"36":{"start":{"line":59,"column":538},"end":{"line":59,"column":557}},"37":{"start":{"line":61,"column":1},"end":{"line":61,"column":42}},"38":{"start":{"line":63,"column":1},"end":{"line":63,"column":56}},"39":{"start":{"line":65,"column":1},"end":{"line":65,"column":37}},"40":{"start":{"line":67,"column":1},"end":{"line":67,"column":46}},"41":{"start":{"line":69,"column":1},"end":{"line":69,"column":38}},"42":{"start":{"line":71,"column":1},"end":{"line":71,"column":48}},"43":{"start":{"line":73,"column":1},"end":{"line":73,"column":45}},"44":{"start":{"line":75,"column":1},"end":{"line":75,"column":62}},"45":{"start":{"line":77,"column":1},"end":{"line":77,"column":37}},"46":{"start":{"line":79,"column":1},"end":{"line":79,"column":46}},"47":{"start":{"line":81,"column":1},"end":{"line":81,"column":96}},"48":{"start":{"line":81,"column":40},"end":{"line":81,"column":94}},"49":{"start":{"line":83,"column":1},"end":{"line":83,"column":154}},"50":{"start":{"line":83,"column":51},"end":{"line":83,"column":152}},"51":{"start":{"line":83,"column":93},"end":{"line":83,"column":150}},"52":{"start":{"line":85,"column":1},"end":{"line":131,"column":5}},"53":{"start":{"line":86,"column":3},"end":{"line":96,"column":4}},"54":{"start":{"line":87,"column":5},"end":{"line":87,"column":88}},"55":{"start":{"line":89,"column":5},"end":{"line":89,"column":37}},"56":{"start":{"line":91,"column":5},"end":{"line":91,"column":54}},"57":{"start":{"line":92,"column":5},"end":{"line":92,"column":69}},"58":{"start":{"line":93,"column":5},"end":{"line":93,"column":34}},"59":{"start":{"line":94,"column":5},"end":{"line":94,"column":36}},"60":{"start":{"line":95,"column":5},"end":{"line":95,"column":20}},"61":{"start":{"line":98,"column":3},"end":{"line":128,"column":7}},"62":{"start":{"line":101,"column":7},"end":{"line":101,"column":68}},"63":{"start":{"line":106,"column":7},"end":{"line":106,"column":32}},"64":{"start":{"line":111,"column":7},"end":{"line":111,"column":41}},"65":{"start":{"line":116,"column":7},"end":{"line":116,"column":59}},"66":{"start":{"line":121,"column":7},"end":{"line":121,"column":42}},"67":{"start":{"line":126,"column":7},"end":{"line":126,"column":43}},"68":{"start":{"line":130,"column":3},"end":{"line":130,"column":19}},"69":{"start":{"line":133,"column":1},"end":{"line":135,"column":2}},"70":{"start":{"line":134,"column":3},"end":{"line":134,"column":25}},"71":{"start":{"line":137,"column":1},"end":{"line":137,"column":27}},"72":{"start":{"line":138,"column":1},"end":{"line":138,"column":36}},"73":{"start":{"line":146,"column":1},"end":{"line":148,"column":4}},"74":{"start":{"line":150,"column":1},"end":{"line":150,"column":565}},"75":{"start":{"line":150,"column":34},"end":{"line":150,"column":350}},"76":{"start":{"line":150,"column":77},"end":{"line":150,"column":348}},"77":{"start":{"line":150,"column":118},"end":{"line":150,"column":144}},"78":{"start":{"line":150,"column":145},"end":{"line":150,"column":200}},"79":{"start":{"line":150,"column":201},"end":{"line":150,"column":232}},"80":{"start":{"line":150,"column":233},"end":{"line":150,"column":287}},"81":{"start":{"line":150,"column":260},"end":{"line":150,"column":287}},"82":{"start":{"line":150,"column":288},"end":{"line":150,"column":346}},"83":{"start":{"line":150,"column":351},"end":{"line":150,"column":560}},"84":{"start":{"line":150,"column":408},"end":{"line":150,"column":476}},"85":{"start":{"line":150,"column":424},"end":{"line":150,"column":476}},"86":{"start":{"line":150,"column":477},"end":{"line":150,"column":537}},"87":{"start":{"line":150,"column":494},"end":{"line":150,"column":537}},"88":{"start":{"line":150,"column":538},"end":{"line":150,"column":557}},"89":{"start":{"line":152,"column":1},"end":{"line":152,"column":154}},"90":{"start":{"line":152,"column":51},"end":{"line":152,"column":152}},"91":{"start":{"line":152,"column":93},"end":{"line":152,"column":150}},"92":{"start":{"line":154,"column":1},"end":{"line":154,"column":28}},"93":{"start":{"line":156,"column":1},"end":{"line":192,"column":5}},"94":{"start":{"line":157,"column":3},"end":{"line":161,"column":4}},"95":{"start":{"line":158,"column":5},"end":{"line":158,"column":39}},"96":{"start":{"line":160,"column":5},"end":{"line":160,"column":24}},"97":{"start":{"line":163,"column":3},"end":{"line":189,"column":7}},"98":{"start":{"line":166,"column":7},"end":{"line":166,"column":83}},"99":{"start":{"line":167,"column":7},"end":{"line":169,"column":8}},"100":{"start":{"line":168,"column":9},"end":{"line":168,"column":56}},"101":{"start":{"line":170,"column":7},"end":{"line":172,"column":8}},"102":{"start":{"line":171,"column":9},"end":{"line":171,"column":51}},"103":{"start":{"line":173,"column":7},"end":{"line":182,"column":8}},"104":{"start":{"line":174,"column":9},"end":{"line":174,"column":31}},"105":{"start":{"line":175,"column":9},"end":{"line":177,"column":10}},"106":{"start":{"line":176,"column":11},"end":{"line":176,"column":37}},"107":{"start":{"line":179,"column":9},"end":{"line":179,"column":19}},"108":{"start":{"line":181,"column":9},"end":{"line":181,"column":32}},"109":{"start":{"line":187,"column":7},"end":{"line":187,"column":30}},"110":{"start":{"line":191,"column":3},"end":{"line":191,"column":21}},"111":{"start":{"line":194,"column":1},"end":{"line":194,"column":30}},"112":{"start":{"line":202,"column":1},"end":{"line":204,"column":4}},"113":{"start":{"line":206,"column":1},"end":{"line":206,"column":565}},"114":{"start":{"line":206,"column":34},"end":{"line":206,"column":350}},"115":{"start":{"line":206,"column":77},"end":{"line":206,"column":348}},"116":{"start":{"line":206,"column":118},"end":{"line":206,"column":144}},"117":{"start":{"line":206,"column":145},"end":{"line":206,"column":200}},"118":{"start":{"line":206,"column":201},"end":{"line":206,"column":232}},"119":{"start":{"line":206,"column":233},"end":{"line":206,"column":287}},"120":{"start":{"line":206,"column":260},"end":{"line":206,"column":287}},"121":{"start":{"line":206,"column":288},"end":{"line":206,"column":346}},"122":{"start":{"line":206,"column":351},"end":{"line":206,"column":560}},"123":{"start":{"line":206,"column":408},"end":{"line":206,"column":476}},"124":{"start":{"line":206,"column":424},"end":{"line":206,"column":476}},"125":{"start":{"line":206,"column":477},"end":{"line":206,"column":537}},"126":{"start":{"line":206,"column":494},"end":{"line":206,"column":537}},"127":{"start":{"line":206,"column":538},"end":{"line":206,"column":557}},"128":{"start":{"line":208,"column":1},"end":{"line":208,"column":154}},"129":{"start":{"line":208,"column":51},"end":{"line":208,"column":152}},"130":{"start":{"line":208,"column":93},"end":{"line":208,"column":150}},"131":{"start":{"line":210,"column":1},"end":{"line":242,"column":2}},"132":{"start":{"line":211,"column":3},"end":{"line":241,"column":4}},"133":{"start":{"line":212,"column":5},"end":{"line":212,"column":36}},"134":{"start":{"line":216,"column":5},"end":{"line":216,"column":27}},"135":{"start":{"line":217,"column":5},"end":{"line":217,"column":39}},"136":{"start":{"line":218,"column":5},"end":{"line":220,"column":6}},"137":{"start":{"line":219,"column":7},"end":{"line":219,"column":20}},"138":{"start":{"line":221,"column":5},"end":{"line":221,"column":15}},"139":{"start":{"line":222,"column":5},"end":{"line":222,"column":11}},"140":{"start":{"line":223,"column":5},"end":{"line":230,"column":6}},"141":{"start":{"line":224,"column":7},"end":{"line":224,"column":13}},"142":{"start":{"line":226,"column":7},"end":{"line":226,"column":19}},"143":{"start":{"line":227,"column":7},"end":{"line":229,"column":8}},"144":{"start":{"line":228,"column":9},"end":{"line":228,"column":15}},"145":{"start":{"line":231,"column":5},"end":{"line":231,"column":24}},"146":{"start":{"line":232,"column":5},"end":{"line":239,"column":6}},"147":{"start":{"line":233,"column":7},"end":{"line":233,"column":29}},"148":{"start":{"line":234,"column":7},"end":{"line":237,"column":8}},"149":{"start":{"line":236,"column":9},"end":{"line":236,"column":21}},"150":{"start":{"line":238,"column":7},"end":{"line":238,"column":11}},"151":{"start":{"line":240,"column":5},"end":{"line":240,"column":18}},"152":{"start":{"line":244,"column":1},"end":{"line":251,"column":2}},"153":{"start":{"line":245,"column":3},"end":{"line":245,"column":21}},"154":{"start":{"line":246,"column":3},"end":{"line":246,"column":38}},"155":{"start":{"line":247,"column":3},"end":{"line":249,"column":4}},"156":{"start":{"line":248,"column":5},"end":{"line":248,"column":45}},"157":{"start":{"line":250,"column":3},"end":{"line":250,"column":16}},"158":{"start":{"line":253,"column":1},"end":{"line":307,"column":5}},"159":{"start":{"line":254,"column":3},"end":{"line":259,"column":4}},"160":{"start":{"line":255,"column":5},"end":{"line":255,"column":34}},"161":{"start":{"line":257,"column":5},"end":{"line":257,"column":25}},"162":{"start":{"line":258,"column":5},"end":{"line":258,"column":24}},"163":{"start":{"line":261,"column":3},"end":{"line":304,"column":7}},"164":{"start":{"line":264,"column":7},"end":{"line":264,"column":31}},"165":{"start":{"line":269,"column":7},"end":{"line":269,"column":24}},"166":{"start":{"line":270,"column":7},"end":{"line":273,"column":8}},"167":{"start":{"line":271,"column":9},"end":{"line":271,"column":50}},"168":{"start":{"line":272,"column":9},"end":{"line":272,"column":59}},"169":{"start":{"line":274,"column":7},"end":{"line":279,"column":8}},"170":{"start":{"line":275,"column":9},"end":{"line":275,"column":28}},"171":{"start":{"line":276,"column":9},"end":{"line":278,"column":10}},"172":{"start":{"line":277,"column":11},"end":{"line":277,"column":37}},"173":{"start":{"line":284,"column":7},"end":{"line":286,"column":8}},"174":{"start":{"line":285,"column":9},"end":{"line":285,"column":31}},"175":{"start":{"line":287,"column":7},"end":{"line":295,"column":8}},"176":{"start":{"line":288,"column":9},"end":{"line":288,"column":35}},"177":{"start":{"line":289,"column":9},"end":{"line":291,"column":10}},"178":{"start":{"line":290,"column":11},"end":{"line":290,"column":58}},"179":{"start":{"line":292,"column":9},"end":{"line":294,"column":10}},"180":{"start":{"line":293,"column":11},"end":{"line":293,"column":58}},"181":{"start":{"line":296,"column":7},"end":{"line":296,"column":54}},"182":{"start":{"line":297,"column":7},"end":{"line":297,"column":23}},"183":{"start":{"line":302,"column":7},"end":{"line":302,"column":25}},"184":{"start":{"line":306,"column":3},"end":{"line":306,"column":16}},"185":{"start":{"line":309,"column":1},"end":{"line":309,"column":25}},"186":{"start":{"line":317,"column":1},"end":{"line":319,"column":4}},"187":{"start":{"line":320,"column":1},"end":{"line":325,"column":3}},"188":{"start":{"line":333,"column":1},"end":{"line":335,"column":4}},"189":{"start":{"line":336,"column":1},"end":{"line":336,"column":33}},"190":{"start":{"line":337,"column":1},"end":{"line":369,"column":2}},"191":{"start":{"line":338,"column":3},"end":{"line":338,"column":20}},"192":{"start":{"line":340,"column":3},"end":{"line":340,"column":21}},"193":{"start":{"line":341,"column":3},"end":{"line":367,"column":4}},"194":{"start":{"line":342,"column":5},"end":{"line":345,"column":8}},"195":{"start":{"line":346,"column":5},"end":{"line":361,"column":8}},"196":{"start":{"line":347,"column":7},"end":{"line":349,"column":8}},"197":{"start":{"line":348,"column":9},"end":{"line":348,"column":58}},"198":{"start":{"line":350,"column":7},"end":{"line":353,"column":10}},"199":{"start":{"line":354,"column":7},"end":{"line":354,"column":21}},"200":{"start":{"line":356,"column":7},"end":{"line":359,"column":10}},"201":{"start":{"line":360,"column":7},"end":{"line":360,"column":24}},"202":{"start":{"line":363,"column":5},"end":{"line":365,"column":6}},"203":{"start":{"line":364,"column":7},"end":{"line":364,"column":26}},"204":{"start":{"line":366,"column":5},"end":{"line":366,"column":57}},"205":{"start":{"line":368,"column":3},"end":{"line":368,"column":17}}},"branchMap":{"1":{"line":2,"type":"if","locations":[{"start":{"line":2,"column":1},"end":{"line":2,"column":1}},{"start":{"line":2,"column":1},"end":{"line":2,"column":1}}]},"2":{"line":2,"type":"binary-expr","locations":[{"start":{"line":2,"column":4},"end":{"line":2,"column":31}},{"start":{"line":2,"column":35},"end":{"line":2,"column":61}}]},"3":{"line":4,"type":"if","locations":[{"start":{"line":4,"column":6},"end":{"line":4,"column":6}},{"start":{"line":4,"column":6},"end":{"line":4,"column":6}}]},"4":{"line":4,"type":"binary-expr","locations":[{"start":{"line":4,"column":9},"end":{"line":4,"column":37}},{"start":{"line":4,"column":41},"end":{"line":4,"column":51}}]},"5":{"line":6,"type":"if","locations":[{"start":{"line":6,"column":6},"end":{"line":6,"column":6}},{"start":{"line":6,"column":6},"end":{"line":6,"column":6}}]},"6":{"line":19,"type":"if","locations":[{"start":{"line":19,"column":11},"end":{"line":19,"column":11}},{"start":{"line":19,"column":11},"end":{"line":19,"column":11}}]},"7":{"line":59,"type":"binary-expr","locations":[{"start":{"line":59,"column":169},"end":{"line":59,"column":190}},{"start":{"line":59,"column":194},"end":{"line":59,"column":199}}]},"8":{"line":59,"type":"if","locations":[{"start":{"line":59,"column":233},"end":{"line":59,"column":233}},{"start":{"line":59,"column":233},"end":{"line":59,"column":233}}]},"9":{"line":59,"type":"if","locations":[{"start":{"line":59,"column":408},"end":{"line":59,"column":408}},{"start":{"line":59,"column":408},"end":{"line":59,"column":408}}]},"10":{"line":59,"type":"if","locations":[{"start":{"line":59,"column":477},"end":{"line":59,"column":477}},{"start":{"line":59,"column":477},"end":{"line":59,"column":477}}]},"11":{"line":81,"type":"cond-expr","locations":[{"start":{"line":81,"column":71},"end":{"line":81,"column":74}},{"start":{"line":81,"column":77},"end":{"line":81,"column":93}}]},"12":{"line":81,"type":"binary-expr","locations":[{"start":{"line":81,"column":47},"end":{"line":81,"column":50}},{"start":{"line":81,"column":54},"end":{"line":81,"column":68}}]},"13":{"line":83,"type":"if","locations":[{"start":{"line":83,"column":51},"end":{"line":83,"column":51}},{"start":{"line":83,"column":51},"end":{"line":83,"column":51}}]},"14":{"line":87,"type":"cond-expr","locations":[{"start":{"line":87,"column":70},"end":{"line":87,"column":72}},{"start":{"line":87,"column":75},"end":{"line":87,"column":87}}]},"15":{"line":87,"type":"binary-expr","locations":[{"start":{"line":87,"column":16},"end":{"line":87,"column":37}},{"start":{"line":87,"column":41},"end":{"line":87,"column":67}}]},"16":{"line":91,"type":"binary-expr","locations":[{"start":{"line":91,"column":18},"end":{"line":91,"column":28}},{"start":{"line":91,"column":32},"end":{"line":91,"column":53}}]},"17":{"line":92,"type":"binary-expr","locations":[{"start":{"line":92,"column":23},"end":{"line":92,"column":38}},{"start":{"line":92,"column":42},"end":{"line":92,"column":68}}]},"18":{"line":150,"type":"binary-expr","locations":[{"start":{"line":150,"column":169},"end":{"line":150,"column":190}},{"start":{"line":150,"column":194},"end":{"line":150,"column":199}}]},"19":{"line":150,"type":"if","locations":[{"start":{"line":150,"column":233},"end":{"line":150,"column":233}},{"start":{"line":150,"column":233},"end":{"line":150,"column":233}}]},"20":{"line":150,"type":"if","locations":[{"start":{"line":150,"column":408},"end":{"line":150,"column":408}},{"start":{"line":150,"column":408},"end":{"line":150,"column":408}}]},"21":{"line":150,"type":"if","locations":[{"start":{"line":150,"column":477},"end":{"line":150,"column":477}},{"start":{"line":150,"column":477},"end":{"line":150,"column":477}}]},"22":{"line":152,"type":"if","locations":[{"start":{"line":152,"column":51},"end":{"line":152,"column":51}},{"start":{"line":152,"column":51},"end":{"line":152,"column":51}}]},"23":{"line":167,"type":"if","locations":[{"start":{"line":167,"column":7},"end":{"line":167,"column":7}},{"start":{"line":167,"column":7},"end":{"line":167,"column":7}}]},"24":{"line":170,"type":"if","locations":[{"start":{"line":170,"column":7},"end":{"line":170,"column":7}},{"start":{"line":170,"column":7},"end":{"line":170,"column":7}}]},"25":{"line":206,"type":"binary-expr","locations":[{"start":{"line":206,"column":169},"end":{"line":206,"column":190}},{"start":{"line":206,"column":194},"end":{"line":206,"column":199}}]},"26":{"line":206,"type":"if","locations":[{"start":{"line":206,"column":233},"end":{"line":206,"column":233}},{"start":{"line":206,"column":233},"end":{"line":206,"column":233}}]},"27":{"line":206,"type":"if","locations":[{"start":{"line":206,"column":408},"end":{"line":206,"column":408}},{"start":{"line":206,"column":408},"end":{"line":206,"column":408}}]},"28":{"line":206,"type":"if","locations":[{"start":{"line":206,"column":477},"end":{"line":206,"column":477}},{"start":{"line":206,"column":477},"end":{"line":206,"column":477}}]},"29":{"line":208,"type":"if","locations":[{"start":{"line":208,"column":51},"end":{"line":208,"column":51}},{"start":{"line":208,"column":51},"end":{"line":208,"column":51}}]},"30":{"line":211,"type":"if","locations":[{"start":{"line":211,"column":3},"end":{"line":211,"column":3}},{"start":{"line":211,"column":3},"end":{"line":211,"column":3}}]},"31":{"line":217,"type":"binary-expr","locations":[{"start":{"line":217,"column":15},"end":{"line":217,"column":33}},{"start":{"line":217,"column":37},"end":{"line":217,"column":38}}]},"32":{"line":218,"type":"if","locations":[{"start":{"line":218,"column":5},"end":{"line":218,"column":5}},{"start":{"line":218,"column":5},"end":{"line":218,"column":5}}]},"33":{"line":223,"type":"if","locations":[{"start":{"line":223,"column":5},"end":{"line":223,"column":5}},{"start":{"line":223,"column":5},"end":{"line":223,"column":5}}]},"34":{"line":227,"type":"if","locations":[{"start":{"line":227,"column":7},"end":{"line":227,"column":7}},{"start":{"line":227,"column":7},"end":{"line":227,"column":7}}]},"35":{"line":234,"type":"if","locations":[{"start":{"line":234,"column":7},"end":{"line":234,"column":7}},{"start":{"line":234,"column":7},"end":{"line":234,"column":7}}]},"36":{"line":234,"type":"binary-expr","locations":[{"start":{"line":234,"column":11},"end":{"line":234,"column":43}},{"start":{"line":234,"column":47},"end":{"line":234,"column":78}},{"start":{"line":234,"column":82},"end":{"line":234,"column":115}}]},"37":{"line":247,"type":"if","locations":[{"start":{"line":247,"column":3},"end":{"line":247,"column":3}},{"start":{"line":247,"column":3},"end":{"line":247,"column":3}}]},"38":{"line":271,"type":"binary-expr","locations":[{"start":{"line":271,"column":30},"end":{"line":271,"column":35}},{"start":{"line":271,"column":39},"end":{"line":271,"column":49}}]},"39":{"line":274,"type":"if","locations":[{"start":{"line":274,"column":7},"end":{"line":274,"column":7}},{"start":{"line":274,"column":7},"end":{"line":274,"column":7}}]},"40":{"line":284,"type":"if","locations":[{"start":{"line":284,"column":7},"end":{"line":284,"column":7}},{"start":{"line":284,"column":7},"end":{"line":284,"column":7}}]},"41":{"line":289,"type":"if","locations":[{"start":{"line":289,"column":9},"end":{"line":289,"column":9}},{"start":{"line":289,"column":9},"end":{"line":289,"column":9}}]},"42":{"line":292,"type":"if","locations":[{"start":{"line":292,"column":9},"end":{"line":292,"column":9}},{"start":{"line":292,"column":9},"end":{"line":292,"column":9}}]},"43":{"line":341,"type":"if","locations":[{"start":{"line":341,"column":3},"end":{"line":341,"column":3}},{"start":{"line":341,"column":3},"end":{"line":341,"column":3}}]},"44":{"line":341,"type":"binary-expr","locations":[{"start":{"line":341,"column":7},"end":{"line":341,"column":13}},{"start":{"line":341,"column":17},"end":{"line":341,"column":49}}]},"45":{"line":347,"type":"if","locations":[{"start":{"line":347,"column":7},"end":{"line":347,"column":7}},{"start":{"line":347,"column":7},"end":{"line":347,"column":7}}]},"46":{"line":363,"type":"if","locations":[{"start":{"line":363,"column":5},"end":{"line":363,"column":5}},{"start":{"line":363,"column":5},"end":{"line":363,"column":5}}]}},"l":{"1":0,"2":0,"3":0,"4":0,"5":0,"6":0,"7":0,"9":0,"11":0,"13":0,"16":1,"19":0,"20":0,"23":0,"30":0,"33":0,"36":0,"41":0,"44":0,"47":0,"50":0,"59":1,"61":0,"63":0,"65":0,"67":0,"69":0,"71":0,"73":0,"75":0,"77":0,"79":0,"81":1,"83":1,"85":0,"86":1,"87":0,"89":0,"91":0,"92":0,"93":0,"94":0,"95":0,"98":0,"101":0,"106":0,"111":0,"116":0,"121":0,"126":0,"130":0,"133":1,"134":0,"137":0,"138":0,"146":0,"150":1,"152":1,"154":0,"156":0,"157":1,"158":0,"160":0,"163":0,"166":0,"167":0,"168":0,"170":0,"171":0,"173":0,"174":0,"175":0,"176":0,"179":0,"181":0,"187":0,"191":0,"194":0,"202":0,"206":1,"208":1,"210":1,"211":0,"212":0,"216":0,"217":0,"218":0,"219":0,"221":0,"222":0,"223":0,"224":0,"226":0,"227":0,"228":0,"231":0,"232":0,"233":0,"234":0,"236":0,"238":0,"240":0,"244":1,"245":0,"246":0,"247":0,"248":0,"250":0,"253":0,"254":1,"255":0,"257":0,"258":0,"261":0,"264":0,"269":0,"270":0,"271":0,"272":0,"274":0,"275":0,"276":0,"277":0,"284":0,"285":0,"287":0,"288":0,"289":0,"290":0,"292":0,"293":0,"296":0,"297":0,"302":0,"306":0,"309":0,"317":0,"320":0,"333":0,"336":0,"337":1,"338":0,"340":0,"341":0,"342":0,"346":0,"347":0,"348":0,"350":0,"354":0,"356":0,"360":0,"363":0,"364":0,"366":0,"368":0}}}
