TN:
SF:/Users/mizuki/project/syntagmejs/syntagme.js
FN:1,webpackUniversalModuleDefinition
FN:10,(anonymous_2)
FN:11,(anonymous_3)
FN:16,__webpack_require__
FN:55,(anonymous_5)
FN:59,(anonymous_6)
FN:59,defineProperties
FN:59,(anonymous_8)
FN:81,_interopRequireDefault
FN:83,_classCallCheck
FN:85,(anonymous_11)
FN:86,Syntagme
FN:100,connect
FN:105,subscribe
FN:110,dispatch
FN:115,createAction
FN:120,ac
FN:125,reducer
FN:133,syntagme
FN:142,(anonymous_20)
FN:150,(anonymous_21)
FN:150,defineProperties
FN:150,(anonymous_23)
FN:152,_classCallCheck
FN:156,(anonymous_25)
FN:157,Dispatcher
FN:165,dispatch
FN:186,register
FN:198,(anonymous_29)
FN:206,(anonymous_30)
FN:206,defineProperties
FN:206,(anonymous_32)
FN:208,_classCallCheck
FN:210,includes
FN:244,remove
FN:253,(anonymous_36)
FN:254,Store
FN:263,subscribe
FN:268,handle
FN:283,reducer
FN:301,getState
FN:313,(anonymous_42)
FN:329,(anonymous_43)
FN:337,actionCreator
FN:346,(anonymous_45)
FN:355,(anonymous_46)
FN:373,(anonymous_47)
FNF:47
FNH:0
FNDA:0,webpackUniversalModuleDefinition
FNDA:0,(anonymous_2)
FNDA:0,(anonymous_3)
FNDA:0,__webpack_require__
FNDA:0,(anonymous_5)
FNDA:0,(anonymous_6)
FNDA:0,defineProperties
FNDA:0,(anonymous_8)
FNDA:0,_interopRequireDefault
FNDA:0,_classCallCheck
FNDA:0,(anonymous_11)
FNDA:0,Syntagme
FNDA:0,connect
FNDA:0,subscribe
FNDA:0,dispatch
FNDA:0,createAction
FNDA:0,ac
FNDA:0,reducer
FNDA:0,syntagme
FNDA:0,(anonymous_20)
FNDA:0,(anonymous_21)
FNDA:0,defineProperties
FNDA:0,(anonymous_23)
FNDA:0,_classCallCheck
FNDA:0,(anonymous_25)
FNDA:0,Dispatcher
FNDA:0,dispatch
FNDA:0,register
FNDA:0,(anonymous_29)
FNDA:0,(anonymous_30)
FNDA:0,defineProperties
FNDA:0,(anonymous_32)
FNDA:0,_classCallCheck
FNDA:0,includes
FNDA:0,remove
FNDA:0,(anonymous_36)
FNDA:0,Store
FNDA:0,subscribe
FNDA:0,handle
FNDA:0,reducer
FNDA:0,getState
FNDA:0,(anonymous_42)
FNDA:0,(anonymous_43)
FNDA:0,actionCreator
FNDA:0,(anonymous_45)
FNDA:0,(anonymous_46)
FNDA:0,(anonymous_47)
DA:1,0
DA:2,0
DA:3,0
DA:4,0
DA:5,0
DA:6,0
DA:7,0
DA:9,0
DA:11,0
DA:13,0
DA:16,1
DA:19,0
DA:20,0
DA:23,0
DA:30,0
DA:33,0
DA:36,0
DA:41,0
DA:44,0
DA:47,0
DA:50,0
DA:59,1
DA:61,0
DA:63,0
DA:65,0
DA:67,0
DA:69,0
DA:71,0
DA:73,0
DA:75,0
DA:77,0
DA:79,0
DA:81,1
DA:83,1
DA:85,0
DA:86,1
DA:87,0
DA:89,0
DA:91,0
DA:92,0
DA:93,0
DA:94,0
DA:95,0
DA:98,0
DA:101,0
DA:106,0
DA:111,0
DA:116,0
DA:121,0
DA:126,0
DA:130,0
DA:133,1
DA:134,0
DA:137,0
DA:138,0
DA:146,0
DA:150,1
DA:152,1
DA:154,0
DA:156,0
DA:157,1
DA:158,0
DA:160,0
DA:163,0
DA:166,0
DA:167,0
DA:168,0
DA:170,0
DA:171,0
DA:173,0
DA:174,0
DA:175,0
DA:176,0
DA:179,0
DA:181,0
DA:187,0
DA:191,0
DA:194,0
DA:202,0
DA:206,1
DA:208,1
DA:210,1
DA:211,0
DA:212,0
DA:216,0
DA:217,0
DA:218,0
DA:219,0
DA:221,0
DA:222,0
DA:223,0
DA:224,0
DA:226,0
DA:227,0
DA:228,0
DA:231,0
DA:232,0
DA:233,0
DA:234,0
DA:236,0
DA:238,0
DA:240,0
DA:244,1
DA:245,0
DA:246,0
DA:247,0
DA:248,0
DA:250,0
DA:253,0
DA:254,1
DA:255,0
DA:257,0
DA:258,0
DA:261,0
DA:264,0
DA:269,0
DA:270,0
DA:271,0
DA:272,0
DA:274,0
DA:275,0
DA:276,0
DA:277,0
DA:284,0
DA:285,0
DA:287,0
DA:288,0
DA:289,0
DA:290,0
DA:292,0
DA:293,0
DA:296,0
DA:297,0
DA:302,0
DA:306,0
DA:309,0
DA:317,0
DA:320,0
DA:333,0
DA:336,0
DA:337,1
DA:338,0
DA:340,0
DA:341,0
DA:342,0
DA:346,0
DA:347,0
DA:348,0
DA:350,0
DA:354,0
DA:356,0
DA:360,0
DA:363,0
DA:364,0
DA:366,0
DA:368,0
LF:156
LH:15
BRDA:2,1,0,0
BRDA:2,1,1,0
BRDA:2,2,0,0
BRDA:2,2,1,0
BRDA:4,3,0,0
BRDA:4,3,1,0
BRDA:4,4,0,0
BRDA:4,4,1,0
BRDA:6,5,0,0
BRDA:6,5,1,0
BRDA:19,6,0,0
BRDA:19,6,1,0
BRDA:59,7,0,0
BRDA:59,7,1,0
BRDA:59,8,0,0
BRDA:59,8,1,0
BRDA:59,9,0,0
BRDA:59,9,1,0
BRDA:59,10,0,0
BRDA:59,10,1,0
BRDA:81,11,0,0
BRDA:81,11,1,0
BRDA:81,12,0,0
BRDA:81,12,1,0
BRDA:83,13,0,0
BRDA:83,13,1,0
BRDA:87,14,0,0
BRDA:87,14,1,0
BRDA:87,15,0,0
BRDA:87,15,1,0
BRDA:91,16,0,0
BRDA:91,16,1,0
BRDA:92,17,0,0
BRDA:92,17,1,0
BRDA:150,18,0,0
BRDA:150,18,1,0
BRDA:150,19,0,0
BRDA:150,19,1,0
BRDA:150,20,0,0
BRDA:150,20,1,0
BRDA:150,21,0,0
BRDA:150,21,1,0
BRDA:152,22,0,0
BRDA:152,22,1,0
BRDA:167,23,0,0
BRDA:167,23,1,0
BRDA:170,24,0,0
BRDA:170,24,1,0
BRDA:206,25,0,0
BRDA:206,25,1,0
BRDA:206,26,0,0
BRDA:206,26,1,0
BRDA:206,27,0,0
BRDA:206,27,1,0
BRDA:206,28,0,0
BRDA:206,28,1,0
BRDA:208,29,0,0
BRDA:208,29,1,0
BRDA:211,30,0,0
BRDA:211,30,1,0
BRDA:217,31,0,0
BRDA:217,31,1,0
BRDA:218,32,0,0
BRDA:218,32,1,0
BRDA:223,33,0,0
BRDA:223,33,1,0
BRDA:227,34,0,0
BRDA:227,34,1,0
BRDA:234,35,0,0
BRDA:234,35,1,0
BRDA:234,36,0,0
BRDA:234,36,1,0
BRDA:234,36,2,0
BRDA:247,37,0,0
BRDA:247,37,1,0
BRDA:271,38,0,0
BRDA:271,38,1,0
BRDA:274,39,0,0
BRDA:274,39,1,0
BRDA:284,40,0,0
BRDA:284,40,1,0
BRDA:289,41,0,0
BRDA:289,41,1,0
BRDA:292,42,0,0
BRDA:292,42,1,0
BRDA:341,43,0,0
BRDA:341,43,1,0
BRDA:341,44,0,0
BRDA:341,44,1,0
BRDA:347,45,0,0
BRDA:347,45,1,0
BRDA:363,46,0,0
BRDA:363,46,1,0
BRF:93
BRH:0
end_of_record
